<?xml version="1.0" encoding="UTF-8"?>
<testng-results ignored="0" total="1" passed="1" failed="0" skipped="0">
  <reporter-output>
  </reporter-output>
  <suite started-at="2023-10-24T11:44:39 IST" name="Default suite" finished-at="2023-10-24T11:45:05 IST" duration-ms="25330">
    <groups>
    </groups>
    <test started-at="2023-10-24T11:44:39 IST" name="Default test" finished-at="2023-10-24T11:45:05 IST" duration-ms="25330">
      <class name="Test_Scenarios.TestMethods">
        <test-method is-config="true" signature="beforeTest()[pri:0, instance:Test_Scenarios.TestMethods@6c64cb25]" started-at="2023-10-24T11:44:39 IST" name="beforeTest" finished-at="2023-10-24T11:44:53 IST" duration-ms="13883" status="PASS">
          <reporter-output>
          </reporter-output>
        </test-method> <!-- beforeTest -->
        <test-method signature="searchOperation()[pri:0, instance:Test_Scenarios.TestMethods@6c64cb25]" started-at="2023-10-24T11:44:53 IST" name="searchOperation" finished-at="2023-10-24T11:45:04 IST" duration-ms="10571" status="PASS">
          <reporter-output>
          </reporter-output>
        </test-method> <!-- searchOperation -->
        <test-method is-config="true" signature="afterTest()[pri:0, instance:Test_Scenarios.TestMethods@6c64cb25]" started-at="2023-10-24T11:45:04 IST" name="afterTest" finished-at="2023-10-24T11:45:05 IST" duration-ms="738" status="PASS">
          <reporter-output>
          </reporter-output>
        </test-method> <!-- afterTest -->
      </class> <!-- Test_Scenarios.TestMethods -->
    </test> <!-- Default test -->
  </suite> <!-- Default suite -->
</testng-results>
